{
  "Unit Tests": {
    "coverage": {
      "/home/angel/Code/RB/whiteboard_test/app/controllers/home_controller.rb": {
        "lines": [
          1,
          1,
          null,
          1,
          null,
          1,
          0,
          0,
          0,
          null,
          null,
          null,
          1,
          null,
          1,
          1,
          0,
          0,
          null,
          0,
          null,
          null,
          null,
          null,
          null,
          null
        ]
      },
      "/home/angel/Code/RB/whiteboard_test/app/controllers/application_controller.rb": {
        "lines": [
          1,
          1,
          null,
          null,
          1,
          1,
          0,
          null,
          1,
          0,
          null,
          1,
          null,
          null,
          null,
          null,
          null,
          1,
          0,
          null,
          null,
          1,
          1,
          null,
          null,
          null,
          1,
          1,
          1,
          1,
          1,
          null,
          null,
          null,
          1,
          0,
          0,
          0,
          null,
          null,
          null,
          null,
          1,
          1,
          1,
          1,
          null,
          null,
          null,
          1,
          null,
          null,
          1,
          1,
          null,
          null,
          null
        ]
      },
      "/home/angel/Code/RB/whiteboard_test/app/components/header_component.rb": {
        "lines": [
          null,
          null,
          1,
          null
        ]
      },
      "/home/angel/Code/RB/whiteboard_test/app/components/footer_component.rb": {
        "lines": [
          null,
          null,
          1,
          null,
          null
        ]
      }
    },
    "timestamp": 1621441686
  },
  "RSpec": {
    "coverage": {
      "/home/angel/Code/RB/whiteboard_test/app/controllers/home_controller.rb": {
        "lines": [
          1,
          1,
          null,
          1,
          null,
          1,
          0,
          0,
          0,
          null,
          null,
          null,
          1,
          null,
          1,
          1,
          0,
          0,
          null,
          0,
          null,
          null,
          null,
          null,
          null,
          null
        ]
      },
      "/home/angel/Code/RB/whiteboard_test/app/controllers/application_controller.rb": {
        "lines": [
          1,
          1,
          null,
          null,
          1,
          1,
          0,
          null,
          1,
          0,
          null,
          1,
          null,
          null,
          null,
          null,
          null,
          1,
          0,
          null,
          null,
          1,
          1,
          null,
          null,
          null,
          1,
          1,
          1,
          1,
          1,
          null,
          null,
          null,
          1,
          0,
          0,
          0,
          null,
          null,
          null,
          null,
          1,
          1,
          1,
          1,
          null,
          null,
          null,
          1,
          null,
          null,
          1,
          1,
          null,
          null,
          null
        ]
      },
      "/home/angel/Code/RB/whiteboard_test/app/components/header_component.rb": {
        "lines": [
          null,
          null,
          1,
          null
        ]
      },
      "/home/angel/Code/RB/whiteboard_test/app/components/footer_component.rb": {
        "lines": [
          null,
          null,
          1,
          null,
          null
        ]
      }
    },
    "timestamp": 1621441340
  }
}
