{
  "Unit Tests": {
    "coverage": {
      "/home/angel/Code/RB/whiteboard_test/app/controllers/characters_controller.rb": {
        "lines": [
          1,
          null,
          1,
          1,
          null,
          1,
          2,
          null,
          null,
          null,
          1,
          2,
          2,
          2,
          2,
          2,
          2,
          2,
          null,
          null,
          null,
          null,
          1,
          1,
          1,
          1,
          1,
          1,
          1,
          0,
          0,
          0,
          null,
          0,
          null,
          null,
          1,
          null,
          null,
          null,
          null,
          1,
          null,
          null,
          1,
          2,
          2,
          2,
          null,
          2,
          null,
          0,
          null,
          null,
          null,
          null,
          1,
          3,
          null,
          null
        ]
      },
      "/home/angel/Code/RB/whiteboard_test/app/controllers/application_controller.rb": {
        "lines": [
          1,
          1,
          null,
          null,
          1,
          6,
          0,
          null,
          6,
          5,
          null,
          1,
          null,
          null,
          null,
          null,
          null,
          1,
          5,
          null,
          null,
          1,
          6,
          null,
          null,
          null,
          1,
          1,
          1,
          1,
          1,
          null,
          null,
          null,
          1,
          0,
          0,
          0,
          null,
          null,
          null,
          null,
          1,
          6,
          6,
          6,
          null,
          null,
          null,
          1,
          null,
          null,
          1,
          1,
          null,
          null,
          null
        ]
      },
      "/home/angel/Code/RB/whiteboard_test/app/controllers/home_controller.rb": {
        "lines": [
          1,
          1,
          null,
          1,
          null,
          1,
          0,
          0,
          0,
          null,
          null,
          null,
          1,
          null,
          1,
          1,
          1,
          1,
          null,
          0,
          null,
          null,
          null,
          null,
          null,
          null
        ]
      },
      "/home/angel/Code/RB/whiteboard_test/app/models/character.rb": {
        "lines": [
          1,
          null,
          null,
          null,
          1,
          null,
          null,
          null,
          1,
          1,
          1,
          null,
          null,
          null,
          null,
          1,
          3,
          3,
          3,
          9,
          null,
          null,
          0,
          null,
          3,
          null,
          null,
          1,
          null,
          1,
          null,
          null,
          null,
          null,
          null,
          null,
          null,
          null,
          null,
          null,
          null,
          1,
          null,
          1,
          null,
          null,
          null,
          null,
          null,
          null,
          null,
          null,
          1,
          null,
          null,
          null,
          null,
          1,
          9,
          null,
          5,
          null,
          3,
          null,
          1,
          null,
          0,
          null,
          null,
          null,
          null,
          null,
          1,
          5,
          null,
          null,
          null
        ]
      },
      "/home/angel/Code/RB/whiteboard_test/app/components/form_wrapper_component.rb": {
        "lines": [
          null,
          null,
          1,
          null,
          1,
          3,
          null,
          null
        ]
      },
      "/home/angel/Code/RB/whiteboard_test/app/components/header_component.rb": {
        "lines": [
          null,
          null,
          1,
          null
        ]
      },
      "/home/angel/Code/RB/whiteboard_test/app/components/footer_component.rb": {
        "lines": [
          null,
          null,
          1,
          null,
          null
        ]
      },
      "/home/angel/Code/RB/whiteboard_test/app/components/notification_component.rb": {
        "lines": [
          null,
          null,
          1,
          1,
          1,
          1,
          1,
          null,
          null,
          1,
          null,
          1,
          1,
          null,
          1,
          null,
          0,
          null,
          null,
          null,
          null
        ]
      }
    },
    "timestamp": 1621471107
  },
  "RSpec": {
    "coverage": {
      "/home/angel/Code/RB/whiteboard_test/app/controllers/characters_controller.rb": {
        "lines": [
          1,
          null,
          1,
          1,
          null,
          1,
          10,
          null,
          null,
          null,
          1,
          10,
          10,
          10,
          10,
          10,
          10,
          10,
          null,
          null,
          null,
          null,
          1,
          2,
          2,
          2,
          2,
          2,
          2,
          1,
          1,
          0,
          null,
          2,
          null,
          null,
          1,
          null,
          null,
          null,
          null,
          1,
          null,
          null,
          1,
          12,
          11,
          9,
          null,
          11,
          null,
          1,
          null,
          null,
          null,
          null,
          1,
          12,
          null,
          null
        ]
      },
      "/home/angel/Code/RB/whiteboard_test/app/controllers/application_controller.rb": {
        "lines": [
          1,
          1,
          null,
          null,
          1,
          52,
          4,
          null,
          48,
          32,
          null,
          16,
          null,
          null,
          null,
          null,
          null,
          1,
          32,
          null,
          null,
          1,
          53,
          null,
          null,
          null,
          1,
          16,
          16,
          16,
          16,
          null,
          null,
          null,
          1,
          4,
          4,
          4,
          null,
          null,
          null,
          null,
          1,
          53,
          53,
          53,
          null,
          null,
          null,
          1,
          null,
          null,
          1,
          16,
          null,
          null,
          null
        ]
      },
      "/home/angel/Code/RB/whiteboard_test/spec/features/home_controller_spec.rb": {
        "lines": [
          1,
          null,
          1,
          null,
          1,
          1,
          1,
          1,
          1,
          null,
          1,
          1,
          1,
          null,
          null,
          null,
          1,
          null,
          1,
          1,
          1,
          1,
          null,
          null,
          null,
          1,
          1,
          1,
          1,
          null,
          1,
          1,
          1,
          null,
          1,
          1,
          1,
          null,
          null,
          null,
          null,
          null,
          null,
          1,
          1,
          4,
          null,
          1,
          1,
          null,
          1,
          1,
          1,
          null,
          null,
          1,
          1,
          1,
          1,
          1,
          1,
          null,
          1,
          1,
          1,
          1,
          1,
          1,
          1,
          null,
          null,
          null,
          null
        ]
      },
      "/home/angel/Code/RB/whiteboard_test/app/controllers/home_controller.rb": {
        "lines": [
          1,
          1,
          null,
          1,
          null,
          1,
          1,
          1,
          1,
          null,
          null,
          null,
          1,
          null,
          1,
          21,
          10,
          9,
          null,
          1,
          null,
          null,
          null,
          null,
          null,
          null
        ]
      },
      "/home/angel/Code/RB/whiteboard_test/spec/models/character_spec.rb": {
        "lines": [
          1,
          null,
          1,
          1,
          2,
          null,
          null,
          1,
          2,
          2,
          2,
          2,
          2,
          2,
          null,
          null,
          1,
          5,
          1,
          1,
          1,
          null,
          null,
          1,
          1,
          1,
          null,
          null,
          1,
          1,
          1,
          null,
          null,
          1,
          1,
          1,
          null,
          null,
          null
        ]
      },
      "/home/angel/Code/RB/whiteboard_test/app/models/character.rb": {
        "lines": [
          1,
          null,
          null,
          null,
          1,
          null,
          null,
          null,
          1,
          1,
          1,
          null,
          null,
          null,
          null,
          1,
          12,
          12,
          12,
          46,
          null,
          null,
          0,
          null,
          12,
          null,
          null,
          1,
          null,
          3,
          null,
          null,
          null,
          null,
          null,
          null,
          null,
          null,
          null,
          null,
          null,
          1,
          null,
          5,
          null,
          null,
          null,
          null,
          null,
          null,
          null,
          null,
          1,
          null,
          null,
          null,
          null,
          1,
          46,
          null,
          32,
          null,
          13,
          null,
          1,
          null,
          0,
          null,
          null,
          null,
          null,
          null,
          1,
          24,
          null,
          null,
          null
        ]
      },
      "/home/angel/Code/RB/whiteboard_test/app/components/form_wrapper_component.rb": {
        "lines": [
          null,
          null,
          1,
          null,
          1,
          19,
          null,
          null
        ]
      },
      "/home/angel/Code/RB/whiteboard_test/app/components/header_component.rb": {
        "lines": [
          null,
          null,
          1,
          null
        ]
      },
      "/home/angel/Code/RB/whiteboard_test/app/components/footer_component.rb": {
        "lines": [
          null,
          null,
          1,
          null,
          null
        ]
      },
      "/home/angel/Code/RB/whiteboard_test/app/components/notification_component.rb": {
        "lines": [
          null,
          null,
          1,
          1,
          10,
          10,
          10,
          null,
          null,
          1,
          null,
          1,
          10,
          null,
          7,
          null,
          3,
          null,
          null,
          null,
          null
        ]
      },
      "/home/angel/Code/RB/whiteboard_test/app/controllers/users/sessions_controller.rb": {
        "lines": [
          null,
          null,
          1,
          null,
          null,
          null,
          null,
          null,
          null,
          null,
          null,
          null,
          null,
          null,
          null,
          null,
          1,
          1,
          1,
          null,
          null,
          null,
          null,
          null,
          null,
          null,
          null,
          null
        ]
      }
    },
    "timestamp": 1621473004
  }
}
